31<>2010.07.21.04:21:00<>
31<>2010.07.21.04:21:00<>明日って今日さ（<><>今日が前回の翌日なのです(正気に戻れ<br /><br />Flashでスライドショーも作ってみたよー<>
30<>2010.07.17.13:00:00<>ネタが一杯<><>明日！明日やります！<>
29<>2010.07.9.17:17:00<>俺は一体何を目指しているのかがサッパリ分からないという現状<><>RSSの更新忘れてた！！<br /><br />えーと、初投資戦のお話と<br />大型二種の学科受かったよー　ってお話。<>
28<>2010.06.22.03:24:00<>月は無慈悲な夜の女王<><>一眼レフによる、夜空の撮影に成功したー！<br />もっと綺麗に写したい！<br /><br />月と星の光跡写真を2枚UPしております。<br />お目汚し失礼(･Θ･)<br /><br />鋭意練習中って事で、ここはどうかひとつ穏便に。<>
27<>2010.06.20.21:53:00<>遊びまくり(チャットメイン)<><>広大なこの仮想世界で<br />みみっちい遊び方を堪能する俺の生き様（<>
26<>2010.06.19.21:13:00<>少し落ち着いてはやぶさギャー<><>ふう。少しは落ち着いたので<br />深宇宙を鋭意航行中のIKAROSに視点を変えて、、、<br /><br />ギャー(<>
25<>2010.06.14.21:13:00<>はやぶさギャー2<><>Live映像とかギャー<br />ちょっと落ち着いたのでUPしてみたぜギャー<>
24<>2010.06.13.23:50:00<>はやぶさギャー<><>はやぶさギャー<br />地球に帰還ギャー<br />当時最新画像UPギャー<>
23<>2010.06.10.19:42:00<>一次合格<><>とりあえず一次面接受かって余裕が出来て<br />DOLに復帰してボスさんから洗礼を受けて<br />今夜釣りに行ってきますわベイベッってお話。<>
22<>2010.06.7.13:15:00<>全ページ整理<><>過去日記へのリンクを全部整理してやったぜチェケラ<>
21<>2010.06.6.17:14:00<>Release GET！<><>一眼レフ用のレリーズげっとおお！<br /><br />わーいこれ欲しかったんだーヽ(´∀`)ﾉ<>
20<>2010.06.3.03:04:00<>祝☆野口さん帰還！<><>我等がヒーロー野口さんの帰還記念記事。<br /><br />今まで、こんな事書いたことなかったなーって<br />ふと、思い返してみたり。<>
19<>2010.05.31.03:30:00<>WinXPクリーンインストール完了<><>OSのインストールより、MTU,RWINの設定に苦労したってお話。<br />ちょっと長いかも（<>
18<>2010.05.28.01:13:00<>ちょっと浮気してやめた。<><>DebianとUbuntuにちょっとだけ浮気して、<br />すぐ戻ってきちゃったって話（<>
17<>2010.05.25.18:15:00<>昨今のWEBページ事情について<><>ハゲがっ<br />って思った事。<>
16<>2010.05.24.01:43:00<>ソースからインストールしたのんをアンインストール<><>長いタイトルだ（<br /><br />ちょっとカジッタ知識を恥ずかしげも無く公開。<br /><br />どこかの誰かが、これで幸せになれたらいいなという願いを込めて。<>
15<>2010.05.22.18:25:00<>Firefoxを自分でビルド<><>自分で使うプログラムは自分で作れる！<br />っていうのが楽しみだと思うんです。<br /><br />と、いうわけでFirefoxのビルドが成功したよって話。<>
14<>2010.05.20.8:24:00<>NmapのジョークSplash<><>localhostの状態を確認する為、<br />アノNmapをコンパイルして作成した時のネタ。<>
13<>2010.05.19.03:07:00<>OpenSSH + Xming 大成功<><>OpenSSHを最新版にしようと、デフォルトで入っていたのをいきなり削除してインストールしなおす、、、と<br />色々なリンクをも切られてしまってエライ苦労します＿|￣|○<br />Zlibも最新版に。<br />OpenSSL1.0.0は、なんかコンパイル通らん。<br /><br />ずっとやってみたかったリモートログイン環境、完成っと。<>
12<>2010.05.16.03:05:00<>Plamo Linux 良さゲ。<><>WinXPに飽きたのでPlamoLinuxをインストールしてみた。<br />Slackware系の伝統的なLinuxなので、いい勉強になるかなと。<br />起承転結で（何<>
