69,俺だ,逝ってよし(ﾉﾟДﾟ)ﾉｼ☆ www.64n.co/,1326942990,49.240.241.92,
17,0,2010/06/10(Thu) 03:03,殺虫剤の人,,無題(･x･),最近茶室に手羽分が足りません。<br />最低でも1日に２０手羽はないと、今年の夏は乗り切れそうにないです。<br />あ、ついでに防御95のジェネラルをお戻りのお祝いに用意してます。<br />早いとこ持っていって下さい、倉庫が空きません!ｗ<br />今日も手羽分が足りなかった、明日は足りるだろうか･･･,,proxy3114.docomo.ne.jp,1d8cd98f,6633cc,1276106633,
17,1,2010/06/10(Thu) 16:06,TEVA,,,謎の単位「手羽」について。<br />こちらでも、どういうものなのか調べてみました。<br /><br />すると、古代ギリシャ時代から存在する通貨らしいというところまではわかりました。<br />以下、研究結果です。<br /><br />1手羽 = 60タバ = 6000へーちょ = 36000うぇうぇ<br />　※ 健康な成人男性が一生懸命頑張っても、一日せいぜい3へーちょ<br /><br /><br />上記調査結果に基き、ホイさんの手羽分不足は相当深刻と判断いたしました。<br /><br />早急に特派員(の様な者)を手配いたします。<br /><br />ご迷惑をおかけした事を、ここに謝罪いたします。<br /><br /><br />かしこ(違,,cap075-109.kcn.ne.jp,dc9bdb52,0000CC,1276153618,
17,2,,,,,,,,,,
10,0,2010/05/30(Sun) 01:23,ボスザル,,無題(･x･),てばへ<br /><br />てばはどうしていますか？<br />かあさんはしんぱいしていますよ<br /><br />ご飯はちゃんと食べるんですよ<br /><br />たまには帰ってきなさいね,,zaq3d7d50ee.zaq.ne.jp,9c67bf19,6633cc,1275150187,
10,1,2010/05/30(Sun) 03:50,TEVA,,,最近はLinuxネタばっかで申し訳ないですw<br /><br />ってか俺もボスさん達とずっと話していないので寂しいです；<br /><br /><br />現在、Windows2000がサポート切れるとかいうのでXPインストール中です<br /><br />大航海やるぞー　おー　とか思いながら環境設定やっています（<br /><br /><br />ご飯。滅茶苦茶食べていますともさ。<br /><br />母さん、今日も僕はいつも通りです。<br />うぇうぇ,,cap077-116.kcn.ne.jp,dc9bdb52,0000CC,1275159052,
10,2,,,,,,,,,,
28,0,2010/07/11(Sun) 22:13,チャチャ,,無題(･x･),3万円でおしゃぶりの・・・・<br /><br />って消せよ！！！！<br />ε=(｡･｀ω´･｡)ﾌﾟﾝｽｶﾌﾟﾝ!!<br /><br /><br />てなことを書きたかったわけじゃなく<br />生存確認に来たんです（<br />まぁ死んでないみたいね＾＾；,,ntfkok173229.fkok.nt.ftth4.ppp.infoweb.ne.jp,323529d2,FF33CC,1278853992,
28,1,2010/07/13(Tue) 00:50,TEVA,,,ﾋｨ　ごめんなさい(;Θ;)<br /><br />まーたやってきましたねーSPAMer。<br />落ち着いたら、対策しまする。<br /><br /><br />大丈夫、俺はアレです。<br />殺したって死にましぇーーん！,,cap075-040.kcn.ne.jp,dc9bdb52,0000CC,1278949823,
28,2,,,,,,,,,,
11,0,2010/05/30(Sun) 12:22,まりあのっつぁ,,無題(･x･),手羽わどこへ行きましたか（・ω・）<br /><br />最近、新鮮な手羽鶏を見かけません。<br /><br />師匠のtomocaさんわ、リスボン木の下でバザーしているのを見かけます。<br /><br />新鮮な手羽鶏を探して、ｷｮﾛ（･･ )( ･･）ｷｮﾛ<br />ｷｮﾛ（･･ )( ･･）ｷｮﾛ<br /><br />…って書きにこょうとしたら、ボスさんが先にきてたｗ,,p1093-ipbf2104souka.saitama.ocn.ne.jp,7ccb0eea,6633cc,1275189750,
11,1,2010/05/31(Mon) 03:23,TEVA,,,只今手羽は、ロシアのジレーヴニャにて修行をしているとの情報が入りました。<br />本人の肉声を入手しましたので、以下、お伝えいたします。<br /><br />「ザー･･･マリアさー･･･ザザッ･･俺は寒さにも負けず、素敵な肉体を･･･ザザザッ･･･からねー！待っててくれー！･･･ザーザザッ･･るしさ！」<br /><br />ガーピー･･･<br /><br />「ん？な、なんだアレは！？ザーザーザー･･･まさか、、ルシフェｒザーーーーーー････ﾌﾟﾂｯ」<br /><br /><br />電波状態が芳しくないようです。<br />続報が入り次第、再びお伝えいたします。<br /><br />KGB放送局でした。,,cap077-116.kcn.ne.jp,dc9bdb52,0000CC,1275243809,
11,2,,,,,,,,,,
16,0,2010/06/08(Tue) 01:02,ボスザル,,無題(･x･),ぱぱへ<br /><br />ぱぱの好きな手羽焼きも用意してますからね<br /><br />早くチャットでぱぱの元気な姿を見せてくださいね<br /><br />もうすぐ梅雨ですね、おつゆですね,,zaq3d7d593f.zaq.ne.jp,1d8cd98f,6633cc,1275926548,
16,1,2010/06/08(Tue) 21:11,TEVA,,,喋りたい　嗚呼喋りたい　喋りたい<br />うざいと言われる　その日まで<br />俺の口から　言の葉途切れず<br /><br />なんか、短歌調に述べてみました<br />短歌の形式ってこんなんだっけ？（<br /><br />I'll be back soon!って事で<br />つゆだく肉少な目で。,,cap076-186.kcn.ne.jp,dc9bdb52,0000CC,1275999108,
16,2,,,,,,,,,,
40,0,2010/07/21(Wed) 22:28,TEVA,,テスト,一応SPAM対策してみたんだが、、、<br />ここ、書けるよね？（,,cap081-231.kcn.ne.jp,dc9bdb52,0000CC,1279718922,
40,1,,,,,,,,,,
40,2,,,,,,,,,,
40,3,,,,,,,,,,
40,4,2010/07/21(Wed) 23:40,TEVA,,,書けてなかった！（<br /><br />SPAM対策完了！,,cap081-231.kcn.ne.jp,dc9bdb52,0000CC,1279723204,
40,5,2010/11/08(Mon) 00:59,しゃおろん,,,テバ、久しぶりだね<br />元気にしてるかい？<br /><br />あれから何年だろう<br />シャオです。<br />ふとあの懐かしい顔を思い出して<br />来てみたよ(笑)<br /><br /><br />今の俺は色々あって〜<br />元気に生きてるですよ。<br /><br /><br />mixiでたろすけ<br />って名前でフラフラしてるから<br />やってるなら探してくだされ。<br /><br />ルービックキューブいじる猫の<br />画像が目印。<br /><br /><br />すでに忘れ去られるほど<br />時間も過ぎたけど<br />また、会いたいなと思うぜ(￣ー￣),,w11.jp-k.ne.jp,1d8cd98f,6633cc,1289145594,
40,6,2010/11/10(Wed) 17:25,あやのエリザ,,,追従して、てばさんお久しぶり！<br />今は大航海時代をやっているのかーと<br />最近も生きている事がわかって安心です。<br />また何かで話す機会があったら<br />お喋りしたいねー。<br />んではマタネ！,,pc6974e.gunmnt01.ap.so-net.ne.jp,7d722b58,000000,1289377531,
40,7,2010/11/16(Tue) 22:06,TEVA,,,ぎゃー！シャオさんエリザさん！ぎゃー！<br /><br />おっお久しぶりです！生きてます。生きてますよおおう<br /><br />シャオさんは俺も時々思い出します。<br />アノ、アツイアナタをｗ<br /><br />エリザさん、貴女ともいつでも喋りたいと思っています。<br />アノ、アツイチャットをｗ<br /><br />シャオさんとは、もう、何？<br />6年?経っちゃったのかな？<br />あの時の十二時さんの年に俺がなっておりますよ？＠＠；ヒェェ<br /><br /><br />揺ぎ無いゆるさと阿呆さとヴォケさと深く煎ったコーヒーの様な素敵な渋さは今でも残しております(俺に)<br />ごめんなさい。言い過ぎました。<br />渋くは無いです。<br /><br />他は、まあ。大体そんな感じです。<br /><br /><br />OK&#44;おふた方。<br />今度腰据えて喋りましょう。<br />そうしましょう、そうしたい、そうしてくれなきゃヤダ(･д･),,softbank126026204103.bbtec.net,dc9bdb52,0000CC,1289912813,
40,8,2010/11/16(Tue) 22:34,そんなに経ってたかぁ！！,,,めちゃくちゃ申し訳ない。<br />俺は三十路まっしぐらっすよ…でも、<br />覚えてくれててありがとう(´▽｀)<br /><br />まぁ、あんまり変わってないよ<br />相変わらず暑苦しいキャラです。<br /><br />茶小町さんが言ってた<br />意味もなく威圧感のある皇帝…<br />まだ思い出すわ(笑)<br /><br />そうそう…<br />mixiで検索してくれるなら<br />キーワードに<br /><br />たろすけ(ｽﾍﾟｰｽ)徳之島<br /><br />で入れたらすぐ見つかるはず。<br /><br />近況の俺は<br />十人都色 タロウ<br /><br />でググってくれたら出るよ<br />笑っちゃうかもだけど(;´д｀)<br /><br />語り合うべ。<br />飲み行くべ。,,w12.jp-k.ne.jp,1d8cd98f,6633cc,1289914455,
40,9,2010/11/19(Fri) 11:55,あやのエリザ,,,きゃいきゃい♪<br />相変わらずのテンションの高さで更に安心ｗ<br /><br />私はみくしーはすぐ放置して逃亡しがちなので<br />連絡先となるとWindosLiveMessengerかSkypeになるのう。<br />どっちか持ってるなら連絡先いうねん！<br /><br />ひっきーなので飲みにはいけないけど<br />あのベルサイユをもう一度！,,pc6974e.gunmnt01.ap.so-net.ne.jp,7d722b58,000000,1290135315,
40,10,2010/11/29(Mon) 15:43,TEVA,,,おっしゃ！シャオさんとは連絡取れたｂ<br />久々に声聞けて嬉しかったわｗ<br /><br /><br />エリザさんとはSkypeでチャットすっかね！<br />アカウント名は「tevasaki_r」だったかな、確か（<br />　,,p5174-ipbfp505daianji.nara.ocn.ne.jp,dc9bdb52,0000CC,1291012983,
40,11,,,,,,,,,,
52,0,2010/11/11(Thu) 02:20,マリアノッツァ,,無題(･x･),あれ（＠＠*？<br />携帯ブログの方わ、消しちゃったのん？？,,p2238-ipbf610souka.saitama.ocn.ne.jp,7ccb0eea,6633cc,1289409638,
52,1,2010/11/16(Tue) 22:10,TEVA,,,ややっ<br />ミヤさんの記事書いたとき、消したつもりは無かったがいつの間にか消えていた！<br /><br />何コレ、ツタンの呪い？ミヤの呪い？<br />やだ、怖い。<br />王家の谷とか超怖い。<br /><br /><br />改めて書いておくよ、記事はそのうち直すｗ<br /><br />↓<br />tevasaki.jugem.jp<br />↑<br /><br />※ 自分でやったSPAM対策の為、ドメインのみっす・３・<br />コピペして覗いてみてねっ！,,softbank126026204103.bbtec.net,dc9bdb52,0000CC,1289913007,
52,2,2010/11/23(Tue) 02:07,マリアノッツァ,,,絶対、ミヤの呪ぃだなｗ<br /><br />コピペして覗いたょ〜。<br />お料理ブログわ、是非続けて下さぃ（＾＾）/,,p2238-ipbf610souka.saitama.ocn.ne.jp,7ccb0eea,6633cc,1290445672,
52,3,2010/11/29(Mon) 15:43,TEVA,,,おう！続けるよー！<br /><br />相変わらずネタまみれの生活を送っておるのでな！<br />あっはっは,,p5174-ipbfp505daianji.nara.ocn.ne.jp,dc9bdb52,0000CC,1291013031,
15,0,2010/06/05(Sat) 22:21,まりあのっつぁ,,ｺﾞｺﾞｺﾞｺﾞｺﾞｺﾞ,ﾊｲｯ！<br />某有名調理レシピサイトで、<br />美味しそぅな鶏手羽の調理法を見つけましたっ！<br /><br />今度つ〜くろぅっと！<br /><br />「名古屋名物世界の山ちゃん風鶏手羽先唐揚げ」<br />http://cookpad.com/recipe/342425,,p1093-ipbf2104souka.saitama.ocn.ne.jp,7ccb0eea,FF33CC,1275744111,
15,1,2010/06/06(Sun) 11:05,TEVA,,,一瞬でおなかがすいてしまったじゃないか！<br /><br />同時に<br /><br />こんな美味そうに調理してくれるなら本望だ！<br />って思ってしまった自分がいるﾁｭﾝ(･Θ･),,cap076-186.kcn.ne.jp,dc9bdb52,0000CC,1275789950,
14,0,2010/06/04(Fri) 03:20,殺虫剤の人,,無題(･x･),手羽さんと同じ鳥類とは思えないくらいアホだからな、あの鳩ポッポは(´ω｀)<br />鳥類つながりで、探索機はやぶさの方がポッポより優秀なんじゃないかとｗ<br />ところで、手羽さん元気してます？心配してますよ？,,proxycg008.docomo.ne.jp,1d8cd98f,6633cc,1275589203,
14,1,2010/06/04(Fri) 19:41,TEVA,,,思いがけず微妙に韻を踏んだ記事になっていましたねw<br /><br />はやぶさは様々なエンジントラブルにも負けず<br />既存のエンジンとか燃料とかをやりくりして、、<br />文字通り満身創痍の状態で地球へ向かっているらしいです。<br />しかもそれらトラブルは<br />もし○○だったら△△△を×××してどうにかする！等と、開発段階から考慮されていていたそうな！<br /><br />オウ！ユーアーグレート(･Θ･)<br /><br /><br />グレート、、グレートパイレーツ、、海賊、、<br />ああぁーー早く大航海時代に戻りたいー！<br /><br />心配かけてごめんなたい。<br />俺なんか愛しています（,,cap079-124.kcn.ne.jp,dc9bdb52,0000CC,1275648080,
12,0,2010/05/30(Sun) 17:14,殺虫剤の人,,無題(･x･),手羽さ〜ん！手羽さん、手羽さん、手ぇ羽ぁさぁん！,,proxycg027.docomo.ne.jp,1d8cd98f,6633cc,1275207278,
12,1,2010/05/31(Mon) 03:25,TEVA,,,ここはどこなんでしょう、、、<br /><br />窓の外は、、森、、、しか見えません。<br /><br />次々と仲間がいなくなっていきます。<br />そろそろ、俺の番かな。<br /><br /><br />あ。足音が。,,cap077-116.kcn.ne.jp,dc9bdb52,0000CC,1275243934,
8,0,2010/05/21(Fri) 10:48,チャチャ,,おや？,ここ使えるのか〜<br />へ〜<br />ほ〜<br /><br />ブログも何気に書いてるし〜<br /><br />へぇ〜<br />ほぉ〜,,ntfkok117005.fkok.nt.ftth4.ppp.infoweb.ne.jp,323529d2,FF33CC,1274406495,
8,1,2010/05/21(Fri) 23:28,TEVA,,,あら。チャチャさんｗ<br /><br />そうなの。最近ゴリゴリ書いてますよん(´∀`)<br /><br />相変わらずメイポ、大航海に限らず自由気ままなんですけどねｗ,,cap075-071.kcn.ne.jp,dc9bdb52,0000CC,1274452089,
7,0,2010/05/19(Wed) 02:21,そその,,＼(゜ロ＼)(／ロ゜)／,　＼(゜ロ＼)ココハドコ? (／ロ゜)／アタシハダアレ?,,p8223-ipbfp2104tokaisakaetozai.aichi.ocn.ne.jp,1d8cd98f,FF33CC,1274203283,
7,1,2010/05/19(Wed) 21:52,TEVA,,,しっかりして！<br />貴女はそそのん！<br />こないだ一緒に夜景見ながら共にワイングラスを傾けあったじゃない！<br /><br />キーワードは「モンマルトルの丘」！<br /><br />思い出して！,,cap075-071.kcn.ne.jp,dc9bdb52,0000CC,1274273532,
6,0,2010/05/08(Sat) 20:00,パンダ神社のものでｓ,,|∀・).｡oO(･･･),|дﾟ)ｶﾝｻﾂ,,FLH1Aas252.kyt.mesh.ad.jp,1d8cd98f,6633cc,1273316446,
6,1,2010/05/10(Mon) 02:45,TEVA,,,((((( ･ω･)<br /><br />   Σ(;･ω･)<br /><br />    ( ･ω･ )ﾉ<br /><br /><br />と、いうわけでいらっしゃいｗ<br />ごゆるりとｂ,,cap075-071.kcn.ne.jp,dc9bdb52,0000CC,1273427152,
5,0,2010/04/28(Wed) 00:44,かむ,,♪〜(￣。￣),いつの間にっ！<br />元気そうじゃのー！,,r-180-197-165-147.g212.commufa.jp,1d8cd98f,009900,1272383075,
5,1,2010/04/28(Wed) 04:29,TEVA,,,おお、かむいさん！その後ご機嫌いかが？ｗ<br /><br />俺はいつだってうっとおしいぐらい元気さ。<br />今度チビちゃんの顔見せてくれなー！,,cap078-149.kcn.ne.jp,dc9bdb52,0000CC,1272396573,
4,0,2010/04/27(Tue) 15:25,殺虫剤の人,,|ω･｀),(=・ω・)/,,proxyc101.docomo.ne.jp,1d8cd98f,6633cc,1272349558,
4,1,2010/04/27(Tue) 19:00,TEVA,,,ハッ(;ﾟﾛﾟ)ﾉ<br /><br />ようこそいらっしゃいましｗ<br /><br /><br />携帯からの閲覧をまったく意識していなかったので、<br />これを機会にページも分けたりしてみますねｗ,,cap078-149.kcn.ne.jp,dc9bdb52,0000CC,1272362426,
3,0,2010/04/20(Tue) 17:52,ボスｻﾞﾙ,,無題(･x･),( ｀д´⊂彡☆))Д´)ﾊﾟｰﾝ<br /><br />( ｀д´⊂彡☆))Д´)ﾊﾟｰﾝ<br /><br />(♯｀Д´)＝○)ﾟзﾟ)･∵.<br /><br /><br />とりあえずあれだ、こんにちは<br />手婆のサイトがガチすぎてガクブルな件<br />あんまりあたしたち晒さないでぇぇぇ！！！<br />あ、置いていきますね<br />つhttp://hp.kutikomi.net/doltenzen/,,zaq3d7d57c9.zaq.ne.jp,9c67bf19,6633cc,1271753558,
3,1,,,,,,,,,,
3,2,2010/04/20(Tue) 22:17,TEVA,,,ようこそいらっしゃい。手痛い挨拶だぜ（<br /><br />まさかの合作HPなんだねーｗ<br />巡回ルートに入れておくよｂ<br /><br /><br />PS. 今後のボスザルさんのオチ要員としての活躍をご期待ください(・ω・),,cap080-250.kcn.ne.jp,dc9bdb52,0000CC,1271769421,
2,0,2010/04/18(Sun) 08:09,マリアノッツァ,,（｀・Д・´）ｸﾜｯ,｜ω・*）ｺｿ〜ﾘ<br /><br />足跡・・ﾌﾐﾌﾐ(ﾍﾟｯﾀﾝ)！<br /><br />一番乗り（・▽・）ﾉ,,p1049-ipbf2106souka.saitama.ocn.ne.jp,baee9d27,FF33CC,1271545791,
2,1,2010/04/20(Tue) 01:20,TEVA,,,あらｗ<br />一番乗りおめでとうございます。<br />そしてありがとう<br /><br />大航海記事だけに限らないですが、時々覗いてみてねｗ,,cap080-250.kcn.ne.jp,dc9bdb52,0000CC,1271694045,
1,0,2010/03/09(Tue) 14:49,TEVA,,|ω･)・・・。,こっそり復活させてみたり。<br /><br />お気楽に何でも書いてみてねっ<br /><br /><br />|三 ｯｻ,www3.pf-x.net/~tevasaki/,cap075-078.kcn.ne.jp,dc9bdb52,0000CC,1268113785,
1,1,,,,,,,,,,
